[2025-05-24 21:29:02,636: INFO: common: yaml file: config\config.yaml loaded successfully]
[2025-05-24 21:29:02,644: INFO: common: yaml file: params.yaml loaded successfully]
[2025-05-24 21:29:52,376: INFO: common: yaml file: config\config.yaml loaded successfully]
[2025-05-24 21:29:52,379: INFO: common: yaml file: params.yaml loaded successfully]
[2025-05-24 21:31:32,523: INFO: common: yaml file: config\config.yaml loaded successfully]
[2025-05-24 21:31:32,672: INFO: common: yaml file: params.yaml loaded successfully]
[2025-05-24 21:31:32,685: INFO: common: created directory at: artifacts]
[2025-05-24 21:31:32,687: INFO: 1750992283: Starting download from https://github.com/kartheek2003/data_zip_repo/blob/main/online_retail.xlsx...]
[2025-05-24 21:31:38,927: INFO: 1750992283: Downloaded file to: artifacts/data_ingestion/online_retail.xlsx]
[2025-05-25 21:42:09,079: INFO: common: yaml file: config\config.yaml loaded successfully]
[2025-05-25 21:42:09,092: INFO: common: yaml file: params.yaml loaded successfully]
[2025-05-25 21:42:09,103: INFO: common: created directory at: artifacts]
[2025-05-25 21:42:09,109: INFO: 1750992283: Starting download from https://raw.githubusercontent.com/kartheek2003/data_zip_repo/main/online_retail.xlsx...]
[2025-05-25 22:03:12,116: ERROR: 1750992283: Error during download: <urlopen error retrieval incomplete: got only 13565952 out of 23715344 bytes>]
[2025-05-25 22:21:59,502: INFO: common: yaml file: config\config.yaml loaded successfully]
[2025-05-25 22:21:59,517: INFO: common: yaml file: params.yaml loaded successfully]
[2025-05-25 22:21:59,524: INFO: common: created directory at: artifacts]
[2025-05-25 22:21:59,527: INFO: 136749806: Starting download from https://raw.githubusercontent.com/kartheek2003/data_zip_repo/main/online_retail.xlsx...]
[2025-05-25 22:33:39,247: INFO: common: yaml file: config\config.yaml loaded successfully]
[2025-05-25 22:33:39,349: INFO: common: yaml file: params.yaml loaded successfully]
[2025-05-25 22:33:39,349: INFO: common: created directory at: artifacts]
[2025-05-25 22:33:39,390: INFO: 3673157110: Starting download from https://raw.githubusercontent.com/kartheek2003/data_zip_repo/main/online_retail.xlsx...]
[2025-05-27 07:42:00,880: INFO: main: >>>>DATA INGESTION started<<<<]
[2025-05-27 07:42:00,885: INFO: common: yaml file: config\config.yaml loaded successfully]
[2025-05-27 07:42:00,901: INFO: common: yaml file: params.yaml loaded successfully]
[2025-05-27 07:42:00,905: INFO: common: created directory at: artifacts]
[2025-05-27 07:42:00,905: INFO: data_ingestion: Starting download from https://raw.githubusercontent.com/kartheek2003/data_zip_repo/main/online_retail.xlsx...]
[2025-05-27 07:42:13,355: INFO: main: >>>>DATA INGESTION completed<<<<]
